src/lib/supabase/auth.ts(29,31): error TS2339: Property 'display_name' does not exist on type 'never'.
src/lib/supabase/auth.ts(30,29): error TS2339: Property 'avatar_url' does not exist on type 'never'.
src/lib/supabase/auth.ts(31,24): error TS2339: Property 'role' does not exist on type 'never'.
src/lib/supabase/auth.ts(118,35): error TS2339: Property 'display_name' does not exist on type 'never'.
src/lib/supabase/auth.ts(119,33): error TS2339: Property 'avatar_url' does not exist on type 'never'.
src/lib/supabase/auth.ts(120,28): error TS2339: Property 'role' does not exist on type 'never'.
src/lib/supabase/auth.ts(135,17): error TS2345: Argument of type 'Partial<Pick<Profile, "role" | "display_name" | "avatar_url">>' is not assignable to parameter of type 'never'.
src/lib/supabase/auth.ts(153,14): error TS2769: No overload matches this call.
  Overload 1 of 2, '(values: never, options?: { count?: "exact" | "planned" | "estimated" | undefined; } | undefined): PostgrestFilterBuilder<{ PostgrestVersion: "12"; }, never, never, null, "player_workspaces", never, "POST">', gave the following error.
    Argument of type '{ user_id: string; tokens: never[]; character_sheets: never[]; }' is not assignable to parameter of type 'never'.
  Overload 2 of 2, '(values: never[], options?: { count?: "exact" | "planned" | "estimated" | undefined; defaultToNull?: boolean | undefined; } | undefined): PostgrestFilterBuilder<{ PostgrestVersion: "12"; }, never, never, null, "player_workspaces", never, "POST">', gave the following error.
    Object literal may only specify known properties, and 'user_id' does not exist in type 'never[]'.
src/lib/supabase/auth.ts(161,14): error TS2769: No overload matches this call.
  Overload 1 of 2, '(values: never, options?: { count?: "exact" | "planned" | "estimated" | undefined; } | undefined): PostgrestFilterBuilder<{ PostgrestVersion: "12"; }, never, never, null, "narrator_workspaces", never, "POST">', gave the following error.
    Argument of type '{ user_id: string; available_systems: never[]; api_integrations: { aiChat: boolean; music: boolean; youtube: boolean; imageGen: boolean; }; api_keys_encrypted: {}; assets: never[]; }' is not assignable to parameter of type 'never'.
  Overload 2 of 2, '(values: never[], options?: { count?: "exact" | "planned" | "estimated" | undefined; defaultToNull?: boolean | undefined; } | undefined): PostgrestFilterBuilder<{ PostgrestVersion: "12"; }, never, never, null, "narrator_workspaces", never, "POST">', gave the following error.
    Object literal may only specify known properties, and 'user_id' does not exist in type 'never[]'.
src/lib/systems.ts(4,15): error TS2305: Module '"./types"' has no exported member 'GameSystem'.
src/lib/systems.ts(4,27): error TS2305: Module '"./types"' has no exported member 'SystemTemplate'.
src/lib/systems.ts(86,21): error TS2339: Property 'GAME_SYSTEMS' does not exist on type '{ readonly USER: "narrador_user"; readonly ROOMS: "narrador_rooms"; readonly CAMPAIGN: "narrador_campaign"; readonly CHARACTERS: "narrador_characters"; readonly AI_KEY: "narrador_ai_key"; readonly AI_PROVIDER: "narrador_ai_provider"; readonly AI_MODEL: "narrador_ai_model"; readonly ROOM_STATE: "narrador_room_state"; }'.
src/lib/systems.ts(110,23): error TS2339: Property 'GAME_SYSTEMS' does not exist on type '{ readonly USER: "narrador_user"; readonly ROOMS: "narrador_rooms"; readonly CAMPAIGN: "narrador_campaign"; readonly CHARACTERS: "narrador_characters"; readonly AI_KEY: "narrador_ai_key"; readonly AI_PROVIDER: "narrador_ai_provider"; readonly AI_MODEL: "narrador_ai_model"; readonly ROOM_STATE: "narrador_room_state"; }'.
src/lib/systems.ts(127,21): error TS2339: Property 'GAME_SYSTEMS' does not exist on type '{ readonly USER: "narrador_user"; readonly ROOMS: "narrador_rooms"; readonly CAMPAIGN: "narrador_campaign"; readonly CHARACTERS: "narrador_characters"; readonly AI_KEY: "narrador_ai_key"; readonly AI_PROVIDER: "narrador_ai_provider"; readonly AI_MODEL: "narrador_ai_model"; readonly ROOM_STATE: "narrador_room_state"; }'.
src/lib/systems.ts(136,27): error TS2339: Property 'GAME_SYSTEMS' does not exist on type '{ readonly USER: "narrador_user"; readonly ROOMS: "narrador_rooms"; readonly CAMPAIGN: "narrador_campaign"; readonly CHARACTERS: "narrador_characters"; readonly AI_KEY: "narrador_ai_key"; readonly AI_PROVIDER: "narrador_ai_provider"; readonly AI_MODEL: "narrador_ai_model"; readonly ROOM_STATE: "narrador_room_state"; }'.
src/lib/systems.ts(145,21): error TS2339: Property 'GAME_SYSTEMS' does not exist on type '{ readonly USER: "narrador_user"; readonly ROOMS: "narrador_rooms"; readonly CAMPAIGN: "narrador_campaign"; readonly CHARACTERS: "narrador_characters"; readonly AI_KEY: "narrador_ai_key"; readonly AI_PROVIDER: "narrador_ai_provider"; readonly AI_MODEL: "narrador_ai_model"; readonly ROOM_STATE: "narrador_room_state"; }'.
src/lib/systems.ts(149,27): error TS2339: Property 'GAME_SYSTEMS' does not exist on type '{ readonly USER: "narrador_user"; readonly ROOMS: "narrador_rooms"; readonly CAMPAIGN: "narrador_campaign"; readonly CHARACTERS: "narrador_characters"; readonly AI_KEY: "narrador_ai_key"; readonly AI_PROVIDER: "narrador_ai_provider"; readonly AI_MODEL: "narrador_ai_model"; readonly ROOM_STATE: "narrador_room_state"; }'.
